<?xml version="1.0" encoding="UTF-8"?>
<!-- Generated by org.testng.reporters.JUnitReportReporter -->
<testsuite hostname="TYSS-Shivakumar-H-R" failures="0" tests="1" name="com.testcases.ToLoginAndLogOutValidation" time="7.812" errors="0" timestamp="2024-03-11T15:36:25 IST" skipped="0">
  <testcase classname="com.testcases.ToLoginAndLogOutValidation" name="logInLogOut" time="7.812">
    <system-out>
      <![CDATA[Product added to cart]]>
    </system-out>
  </testcase> <!-- logInLogOut -->
  <system-out>
    <![CDATA[browser is launched
Product added to cart]]>
  </system-out>
</testsuite> <!-- com.testcases.ToLoginAndLogOutValidation -->
