<?xml version="1.0" encoding="UTF-8"?>
<!-- Generated by org.testng.reporters.JUnitReportReporter -->
<testsuite hostname="TYSS-Shivakumar-H-R" failures="0" tests="1" name="learningFramework.TestMVN" time="0.007" errors="0" timestamp="2024-03-12T12:01:10 IST" skipped="0">
  <testcase classname="learningFramework.TestMVN" name="test1" time="0.007">
    <system-out>
      <![CDATA[Hello world]]>
    </system-out>
  </testcase> <!-- test1 -->
  <system-out>
    <![CDATA[Hello world]]>
  </system-out>
</testsuite> <!-- learningFramework.TestMVN -->
